<?xml version="1.0" encoding="UTF-8"?>
<robot generator="Robot 3.1.2 (Python 3.7.3 on win32)" generated="20200504 20:21:38.072" rpa="false">
<suite id="s1" name="Naukri" source="C:\Users\AvikDatta\PycharmProjects\Naukri Demo\Tests\Naukri.robot">
<test id="s1-t1" name="User should be able to Logout successfully">
<kw name="Begin Web Test" library="Common" type="setup">
<kw name="Open Browser" library="SeleniumLibrary">
<doc>Opens a new browser instance to the given ``url``.</doc>
<arguments>
<arg>about:blank</arg>
<arg>${BROWSER}</arg>
</arguments>
<msg timestamp="20200504 20:21:39.020" level="INFO">Opening browser 'chrome' to base url 'about:blank'.</msg>
<status status="PASS" starttime="20200504 20:21:39.020" endtime="20200504 20:21:42.834"></status>
</kw>
<kw name="Maximize Browser Window" library="SeleniumLibrary">
<doc>Maximizes current browser window.</doc>
<status status="PASS" starttime="20200504 20:21:42.834" endtime="20200504 20:21:44.965"></status>
</kw>
<status status="PASS" starttime="20200504 20:21:39.019" endtime="20200504 20:21:44.966"></status>
</kw>
<kw name="Login Steps" library="ResumeUpload">
<doc>Perform login scenarios</doc>
<arguments>
<arg>${NAUKRI_URL}</arg>
<arg>@{LOGIN_CREDS}</arg>
</arguments>
<kw name="Navigate To Naukri Landing Page" library="NaukriLanding">
<arguments>
<arg>${naukriURL}</arg>
</arguments>
<kw name="Go To" library="SeleniumLibrary">
<doc>Navigates the active browser instance to the provided ``url``.</doc>
<arguments>
<arg>${naukriURL}</arg>
</arguments>
<msg timestamp="20200504 20:21:44.969" level="INFO">Opening url 'https://www.naukri.com/'</msg>
<status status="PASS" starttime="20200504 20:21:44.968" endtime="20200504 20:21:49.063"></status>
</kw>
<status status="PASS" starttime="20200504 20:21:44.967" endtime="20200504 20:21:49.063"></status>
</kw>
<kw name="Verify Page Loaded" library="NaukriLanding">
<kw name="Wait Until Page Contains" library="SeleniumLibrary">
<doc>Waits until ``text`` appears on current page.</doc>
<arguments>
<arg>Login</arg>
</arguments>
<status status="PASS" starttime="20200504 20:21:49.065" endtime="20200504 20:21:49.417"></status>
</kw>
<kw name="Run Keyword And Return Status" library="BuiltIn">
<doc>Runs the given keyword with given arguments and returns the status as a Boolean value.</doc>
<arguments>
<arg>page should contain element</arg>
<arg>${privacyPolicyBtn}</arg>
</arguments>
<assign>
<var>${privacyPolicyBtnVisibility}</var>
</assign>
<kw name="Page Should Contain Element" library="SeleniumLibrary">
<doc>Verifies that element ``locator`` is found on the current page.</doc>
<arguments>
<arg>${privacyPolicyBtn}</arg>
</arguments>
<msg timestamp="20200504 20:21:49.545" level="INFO">Current page contains element 'xpath=//div[@class='privacyPolicy']//button'.</msg>
<status status="PASS" starttime="20200504 20:21:49.420" endtime="20200504 20:21:49.545"></status>
</kw>
<msg timestamp="20200504 20:21:49.545" level="INFO">${privacyPolicyBtnVisibility} = True</msg>
<status status="PASS" starttime="20200504 20:21:49.418" endtime="20200504 20:21:49.545"></status>
</kw>
<kw name="Run Keyword And Return Status" library="BuiltIn">
<doc>Runs the given keyword with given arguments and returns the status as a Boolean value.</doc>
<arguments>
<arg>page should contain element</arg>
<arg>${shareLocation}</arg>
</arguments>
<assign>
<var>${shareLocationVisibility}</var>
</assign>
<kw name="Page Should Contain Element" library="SeleniumLibrary">
<doc>Verifies that element ``locator`` is found on the current page.</doc>
<arguments>
<arg>${shareLocation}</arg>
</arguments>
<kw name="Capture Page Screenshot" library="SeleniumLibrary">
<doc>Takes screenshot of the current page and embeds it into log file.</doc>
<msg timestamp="20200504 20:21:50.491" level="INFO" html="yes">&lt;/td&gt;&lt;/tr&gt;&lt;tr&gt;&lt;td colspan="3"&gt;&lt;a href="selenium-screenshot-1.png"&gt;&lt;img src="selenium-screenshot-1.png" width="800px"&gt;&lt;/a&gt;</msg>
<status status="PASS" starttime="20200504 20:21:49.714" endtime="20200504 20:21:50.491"></status>
</kw>
<msg timestamp="20200504 20:21:50.511" level="FAIL">Page should have contained element 'xpath=//div[@id='geoLocPopUp']//span[text()='Later']' but did not.</msg>
<status status="FAIL" starttime="20200504 20:21:49.547" endtime="20200504 20:21:50.512"></status>
</kw>
<msg timestamp="20200504 20:21:50.512" level="INFO">${shareLocationVisibility} = False</msg>
<status status="PASS" starttime="20200504 20:21:49.546" endtime="20200504 20:21:50.512"></status>
</kw>
<kw name="Run Keyword If" library="BuiltIn">
<doc>Runs the given keyword with the given arguments, if ``condition`` is true.</doc>
<arguments>
<arg>${privacyPolicyBtnVisibility} == True</arg>
<arg>Accept Privacy Policy</arg>
<arg>ELSE IF</arg>
<arg>${shareLocationVisibility} == True</arg>
<arg>Click Later</arg>
<arg>ELSE</arg>
<arg>log</arg>
<arg>Proceed to Login</arg>
</arguments>
<kw name="Accept Privacy Policy" library="NaukriLanding">
<kw name="Click Element" library="SeleniumLibrary">
<doc>Click element identified by ``locator``.</doc>
<arguments>
<arg>${privacyPolicyBtn}</arg>
</arguments>
<msg timestamp="20200504 20:21:50.515" level="INFO">Clicking element 'xpath=//div[@class='privacyPolicy']//button'.</msg>
<status status="PASS" starttime="20200504 20:21:50.514" endtime="20200504 20:21:50.716"></status>
</kw>
<status status="PASS" starttime="20200504 20:21:50.514" endtime="20200504 20:21:50.717"></status>
</kw>
<status status="PASS" starttime="20200504 20:21:50.512" endtime="20200504 20:21:50.717"></status>
</kw>
<status status="PASS" starttime="20200504 20:21:49.064" endtime="20200504 20:21:50.717"></status>
</kw>
<kw name="Login To Naukri" library="LoginScreen">
<arguments>
<arg>@{loginCreds}</arg>
</arguments>
<kw name="Click Login Link" library="LoginScreen">
<kw name="Click Element" library="SeleniumLibrary">
<doc>Click element identified by ``locator``.</doc>
<arguments>
<arg>${loginLink}</arg>
</arguments>
<msg timestamp="20200504 20:21:50.720" level="INFO">Clicking element 'xpath=//a[@title='Jobseeker Login']'.</msg>
<status status="PASS" starttime="20200504 20:21:50.719" endtime="20200504 20:21:50.935"></status>
</kw>
<kw name="Wait Until Page Contains Element" library="SeleniumLibrary">
<doc>Waits until element ``locator`` appears on current page.</doc>
<arguments>
<arg>${inputEmail}</arg>
</arguments>
<status status="PASS" starttime="20200504 20:21:50.936" endtime="20200504 20:21:51.217"></status>
</kw>
<status status="PASS" starttime="20200504 20:21:50.718" endtime="20200504 20:21:51.217"></status>
</kw>
<kw name="Enter User &quot;Email&quot;" library="LoginScreen">
<arguments>
<arg>@{loginCreds}</arg>
</arguments>
<kw name="Input Text" library="SeleniumLibrary">
<doc>Types the given ``text`` into text field identified by ``locator``.</doc>
<arguments>
<arg>${inputEmail}</arg>
<arg>@{loginCreds}[0]</arg>
</arguments>
<msg timestamp="20200504 20:21:51.219" level="INFO">Typing text 'avikdatta2010@gmail.com' into text field 'xpath=//div[@class='drawer-wrapper']//div[@class='form-row'][1]/input[@type='text']'.</msg>
<status status="PASS" starttime="20200504 20:21:51.218" endtime="20200504 20:21:51.763"></status>
</kw>
<kw name="Set Browser Implicit Wait" library="SeleniumLibrary">
<doc>Sets the implicit wait value used by Selenium.</doc>
<arguments>
<arg>1s</arg>
</arguments>
<status status="PASS" starttime="20200504 20:21:51.763" endtime="20200504 20:21:51.768"></status>
</kw>
<status status="PASS" starttime="20200504 20:21:51.217" endtime="20200504 20:21:51.769"></status>
</kw>
<kw name="Enter User &quot;Password&quot;" library="LoginScreen">
<arguments>
<arg>@{loginCreds}</arg>
</arguments>
<kw name="Input Password" library="SeleniumLibrary">
<doc>Types the given password into text field identified by ``locator``.</doc>
<arguments>
<arg>${inputPwd}</arg>
<arg>@{loginCreds}[1]</arg>
</arguments>
<msg timestamp="20200504 20:21:51.771" level="INFO">Typing password into text field 'xpath=//div[@class='drawer-wrapper']//div[@class='form-row'][2]/input[@type='password']'.</msg>
<status status="PASS" starttime="20200504 20:21:51.770" endtime="20200504 20:21:52.068"></status>
</kw>
<kw name="Set Browser Implicit Wait" library="SeleniumLibrary">
<doc>Sets the implicit wait value used by Selenium.</doc>
<arguments>
<arg>1s</arg>
</arguments>
<status status="PASS" starttime="20200504 20:21:52.068" endtime="20200504 20:21:52.073"></status>
</kw>
<status status="PASS" starttime="20200504 20:21:51.769" endtime="20200504 20:21:52.073"></status>
</kw>
<kw name="Click &quot;Login&quot; Button" library="LoginScreen">
<kw name="Click Button" library="SeleniumLibrary">
<doc>Clicks button identified by ``locator``.</doc>
<arguments>
<arg>${loginBtn}</arg>
</arguments>
<msg timestamp="20200504 20:21:52.075" level="INFO">Clicking button 'xpath=//button[@class='btn-primary loginButton']'.</msg>
<status status="PASS" starttime="20200504 20:21:52.074" endtime="20200504 20:21:52.249"></status>
</kw>
<kw name="Set Selenium Implicit Wait" library="SeleniumLibrary">
<doc>Sets the implicit wait value used by Selenium.</doc>
<arguments>
<arg>2s</arg>
</arguments>
<status status="PASS" starttime="20200504 20:21:52.250" endtime="20200504 20:21:52.255"></status>
</kw>
<status status="PASS" starttime="20200504 20:21:52.074" endtime="20200504 20:21:52.256"></status>
</kw>
<status status="PASS" starttime="20200504 20:21:50.717" endtime="20200504 20:21:52.256"></status>
</kw>
<status status="PASS" starttime="20200504 20:21:44.966" endtime="20200504 20:21:52.256"></status>
</kw>
<kw name="Upload Resume" library="ResumeUpload">
<doc>Perform upload resume operation</doc>
<kw name="Select Edit Profile" library="NaukriHome">
<kw name="Element Text Should Be" library="SeleniumLibrary">
<doc>Verifies that element ``locator`` contains exact text ``expected``.</doc>
<arguments>
<arg>${profileName}</arg>
<arg>Avik Datta</arg>
</arguments>
<msg timestamp="20200504 20:21:52.259" level="INFO">Verifying element 'xpath=//div[@class='user-name roboto-bold-text']' contains exact text 'Avik Datta'.</msg>
<status status="PASS" starttime="20200504 20:21:52.259" endtime="20200504 20:21:55.560"></status>
</kw>
<kw name="Mouse Over" library="SeleniumLibrary">
<doc>Simulates hovering mouse over the element ``locator``.</doc>
<arguments>
<arg>${mousehoverLink}</arg>
</arguments>
<msg timestamp="20200504 20:21:55.561" level="INFO">Simulating Mouse Over on element 'xpath=//ul[@class='rghtSec fr menu logged']/li[2]'.</msg>
<status status="PASS" starttime="20200504 20:21:55.560" endtime="20200504 20:21:56.643"></status>
</kw>
<kw name="Click Element" library="SeleniumLibrary">
<doc>Click element identified by ``locator``.</doc>
<arguments>
<arg>${editProfileLink}</arg>
</arguments>
<msg timestamp="20200504 20:21:56.644" level="INFO">Clicking element 'xpath=//a[@title='Edit Profile']'.</msg>
<status status="PASS" starttime="20200504 20:21:56.644" endtime="20200504 20:21:56.923"></status>
</kw>
<kw name="Set Selenium Implicit Wait" library="SeleniumLibrary">
<doc>Sets the implicit wait value used by Selenium.</doc>
<arguments>
<arg>2s</arg>
</arguments>
<status status="PASS" starttime="20200504 20:21:56.924" endtime="20200504 20:21:56.928"></status>
</kw>
<status status="PASS" starttime="20200504 20:21:52.258" endtime="20200504 20:21:56.929"></status>
</kw>
<kw name="Update Resume" library="UploadResume">
<kw name="Choose File" library="SeleniumLibrary">
<doc>Inputs the ``file_path`` into file input field ``locator``.</doc>
<arguments>
<arg>${uploadButton}</arg>
<arg>${file}</arg>
</arguments>
<status status="PASS" starttime="20200504 20:21:56.930" endtime="20200504 20:21:58.026"></status>
</kw>
<kw name="Sleep" library="BuiltIn">
<doc>Pauses the test executed for the given time.</doc>
<arguments>
<arg>2s</arg>
</arguments>
<msg timestamp="20200504 20:22:00.028" level="INFO">Slept 2 seconds</msg>
<status status="PASS" starttime="20200504 20:21:58.027" endtime="20200504 20:22:00.028"></status>
</kw>
<kw name="Get Text" library="SeleniumLibrary">
<doc>Returns the text value of element identified by ``locator``.</doc>
<arguments>
<arg>${updateDate}</arg>
</arguments>
<assign>
<var>${uploadDate}</var>
</assign>
<msg timestamp="20200504 20:22:00.106" level="INFO">${uploadDate} = Uploaded on May 04, 2020</msg>
<status status="PASS" starttime="20200504 20:22:00.028" endtime="20200504 20:22:00.106"></status>
</kw>
<kw name="Log To Console" library="BuiltIn">
<doc>Logs the given message to the console.</doc>
<arguments>
<arg>${uploadDate}</arg>
</arguments>
<status status="PASS" starttime="20200504 20:22:00.106" endtime="20200504 20:22:00.107"></status>
</kw>
<kw name="Set Selenium Implicit Wait" library="SeleniumLibrary">
<doc>Sets the implicit wait value used by Selenium.</doc>
<arguments>
<arg>2s</arg>
</arguments>
<status status="PASS" starttime="20200504 20:22:00.107" endtime="20200504 20:22:00.111"></status>
</kw>
<status status="PASS" starttime="20200504 20:21:56.929" endtime="20200504 20:22:00.111"></status>
</kw>
<status status="PASS" starttime="20200504 20:21:52.257" endtime="20200504 20:22:00.111"></status>
</kw>
<kw name="Perform Logout" library="ResumeUpload">
<doc>Perform logout operation</doc>
<kw name="Click On Logout" library="Logout">
<kw name="Mouse Over" library="SeleniumLibrary">
<doc>Simulates hovering mouse over the element ``locator``.</doc>
<arguments>
<arg>${mousehoverLink}</arg>
</arguments>
<msg timestamp="20200504 20:22:00.113" level="INFO">Simulating Mouse Over on element 'xpath=//ul[@class='rghtSec fr menu logged']/li[2]'.</msg>
<status status="PASS" starttime="20200504 20:22:00.112" endtime="20200504 20:22:00.413"></status>
</kw>
<kw name="Click Link" library="SeleniumLibrary">
<doc>Clicks a link identified by ``locator``.</doc>
<arguments>
<arg>${logoutLink}</arg>
</arguments>
<msg timestamp="20200504 20:22:00.414" level="INFO">Clicking link 'xpath=//div[@class='subMenu c2']//a[@title='Logout']'.</msg>
<status status="PASS" starttime="20200504 20:22:00.413" endtime="20200504 20:22:00.581"></status>
</kw>
<kw name="Sleep" library="BuiltIn">
<doc>Pauses the test executed for the given time.</doc>
<arguments>
<arg>2s</arg>
</arguments>
<msg timestamp="20200504 20:22:02.584" level="INFO">Slept 2 seconds</msg>
<status status="PASS" starttime="20200504 20:22:00.582" endtime="20200504 20:22:02.585"></status>
</kw>
<status status="PASS" starttime="20200504 20:22:00.112" endtime="20200504 20:22:02.587"></status>
</kw>
<status status="PASS" starttime="20200504 20:22:00.112" endtime="20200504 20:22:02.588"></status>
</kw>
<kw name="End Web Test" library="Common" type="teardown">
<kw name="Close Browser" library="SeleniumLibrary">
<doc>Closes the current browser.</doc>
<status status="PASS" starttime="20200504 20:22:02.597" endtime="20200504 20:22:05.536"></status>
</kw>
<status status="PASS" starttime="20200504 20:22:02.596" endtime="20200504 20:22:05.536"></status>
</kw>
<doc>This is test 2 success scenario with logout verification</doc>
<tags>
<tag>Test2</tag>
</tags>
<status status="PASS" starttime="20200504 20:21:39.017" endtime="20200504 20:22:05.537" critical="yes"></status>
</test>
<doc>This test is to upload a resume in naukri and verify the upload is successful</doc>
<status status="PASS" starttime="20200504 20:21:38.079" endtime="20200504 20:22:05.549"></status>
</suite>
<statistics>
<total>
<stat pass="1" fail="0">Critical Tests</stat>
<stat pass="1" fail="0">All Tests</stat>
</total>
<tag>
<stat pass="1" fail="0">Test2</stat>
</tag>
<suite>
<stat pass="1" fail="0" id="s1" name="Naukri">Naukri</stat>
</suite>
</statistics>
<errors>
</errors>
</robot>
